2022-02-02T02:39:33.922Z - info: Website generation started at 10:39:25 am
2022-02-02T02:39:39.729Z - info: Building assets...
2022-02-02T02:39:45.266Z - info: Assets built
2022-02-02T02:39:45.267Z - info: Generating pages...
2022-02-02T02:40:04.629Z - debug:  
2022-02-02T02:40:04.629Z - debug:  
2022-02-02T02:40:04.630Z - debug:  
2022-02-02T02:40:04.630Z - debug:  
2022-02-02T02:40:04.630Z - debug:  
2022-02-02T02:40:05.273Z - debug:  
2022-02-02T02:42:37.211Z - debug:  
2022-02-02T02:42:53.353Z - debug:  
2022-02-02T02:42:53.353Z - debug:  
2022-02-02T02:42:59.642Z - info: Pages built
2022-02-02T02:43:01.239Z - info: Site data built
2022-02-02T02:43:01.240Z - info: Website generation complete! Total build time: 215.867s
2022-02-02T02:43:01.240Z - info: Build success!
2022-02-02T02:48:06.422Z - info: The website has been deployed at: https://nus-cs2113-ay2122s2.github.io/website
2022-02-02T12:26:33.211Z - info: Website generation started at 8:26:22 pm
2022-02-02T12:26:33.217Z - warn:  Error: Failed to read the site config file 'site.json' atD:\Teaching\CS2113\_AY2122S2\website:
D:\Teaching\CS2113\_AY2122S2\website\site.json: Unexpected end of JSON input
Please ensure the file exist or is valid
    at Site.readSiteConfig (C:\Users\dcsaksh\AppData\Roaming\npm\node_modules\markbind-cli\node_modules\@markbind\core\src\Site\index.js:252:14)
    at Site.generate (C:\Users\dcsaksh\AppData\Roaming\npm\node_modules\markbind-cli\node_modules\@markbind\core\src\Site\index.js:643:18)
    at Command.<anonymous> (C:\Users\dcsaksh\AppData\Roaming\npm\node_modules\markbind-cli\index.js:316:8)
    at Command.listener [as _actionHandler] (C:\Users\dcsaksh\AppData\Roaming\npm\node_modules\markbind-cli\node_modules\commander\lib\command.js:488:17)
    at C:\Users\dcsaksh\AppData\Roaming\npm\node_modules\markbind-cli\node_modules\commander\lib\command.js:1227:65
    at Command._chainOrCall (C:\Users\dcsaksh\AppData\Roaming\npm\node_modules\markbind-cli\node_modules\commander\lib\command.js:1144:12)
    at Command._parseCommand (C:\Users\dcsaksh\AppData\Roaming\npm\node_modules\markbind-cli\node_modules\commander\lib\command.js:1227:27)
    at Command._dispatchSubcommand (C:\Users\dcsaksh\AppData\Roaming\npm\node_modules\markbind-cli\node_modules\commander\lib\command.js:1050:25)
    at Command._parseCommand (C:\Users\dcsaksh\AppData\Roaming\npm\node_modules\markbind-cli\node_modules\commander\lib\command.js:1193:19)
    at Command.parse (C:\Users\dcsaksh\AppData\Roaming\npm\node_modules\markbind-cli\node_modules\commander\lib\command.js:897:10)
    at Object.<anonymous> (C:\Users\dcsaksh\AppData\Roaming\npm\node_modules\markbind-cli\index.js:339:9)
    at Module._compile (internal/modules/cjs/loader.js:1063:30)
    at Object.Module._extensions..js (internal/modules/cjs/loader.js:1092:10)
    at Module.load (internal/modules/cjs/loader.js:928:32)
    at Function.Module._load (internal/modules/cjs/loader.js:769:14)
    at Function.executeUserEntryPoint [as runMain] (internal/modules/run_main.js:72:12)
2022-02-02T12:26:33.237Z - info: Build success!
2022-02-02T12:26:49.195Z - error: Failed to read the site config file 'site.json' atD:\Teaching\CS2113\_AY2122S2\website:
D:\Teaching\CS2113\_AY2122S2\website\site.json: Unexpected end of JSON input
Please ensure the file exist or is valid
2022-02-02T13:30:27.407Z - info: Website generation started at 9:30:27 pm
2022-02-02T13:30:34.740Z - info: Building assets...
2022-02-02T13:30:41.384Z - info: Assets built
2022-02-02T13:30:41.386Z - info: Generating pages...
2022-02-02T13:31:04.777Z - debug:  
2022-02-02T13:31:04.778Z - debug:  
2022-02-02T13:31:04.783Z - debug:  
2022-02-02T13:31:04.784Z - debug:  
2022-02-02T13:31:04.784Z - debug:  
2022-02-02T13:31:08.048Z - debug:  
2022-02-02T13:34:29.040Z - debug:  
2022-02-02T13:34:46.901Z - debug:  
2022-02-02T13:34:46.902Z - debug:  
2022-02-02T13:34:53.612Z - info: Pages built
2022-02-02T13:34:55.415Z - info: Site data built
2022-02-02T13:34:55.415Z - info: Website generation complete! Total build time: 268.042s
2022-02-02T13:34:55.416Z - info: Build success!
2022-02-02T13:42:49.917Z - info: The website has been deployed at: https://nus-cs2113-ay2122s2.github.io/website
2022-02-02T14:31:17.217Z - info: Website generation started at 10:31:10 pm
2022-02-02T14:31:22.325Z - info: Building assets...
