2022-01-04T13:55:31.282Z - info: Website generation (lazy) started at 9:55:31 pm
2022-01-04T13:55:36.358Z - info: Building assets...
2022-01-04T13:55:40.248Z - info: Assets built
2022-01-04T13:55:40.250Z - info: Generating landing page...
2022-01-04T13:55:41.219Z - info: Landing page built, other pages will be built as you navigate to them!
2022-01-04T13:55:42.267Z - info: Site data built
2022-01-04T13:55:42.268Z - info: Website generation (lazy) complete! Total build time: 11.034s
2022-01-04T13:55:43.220Z - info: Serving "D:\Teaching\CS2113\_AY2122S2\website\_site" at http://127.0.0.1:8080
2022-01-04T13:55:43.221Z - info: Press CTRL+C to stop ...
2022-01-04T14:02:04.341Z - info: Website generation (lazy) started at 10:02:01 pm
2022-01-04T14:02:08.321Z - info: Building assets...
2022-01-04T14:02:12.492Z - info: Assets built
2022-01-04T14:02:12.492Z - info: Generating landing page...
2022-01-04T14:02:13.351Z - info: Landing page built, other pages will be built as you navigate to them!
2022-01-04T14:02:14.445Z - info: Site data built
2022-01-04T14:02:14.446Z - info: Website generation (lazy) complete! Total build time: 12.837s
2022-01-04T14:02:15.516Z - info: Serving "D:\Teaching\CS2113\_AY2122S2\website\_site" at http://127.0.0.1:8080
2022-01-04T14:02:15.517Z - info: Press CTRL+C to stop ...
2022-01-04T14:03:55.071Z - info: Building D:\Teaching\CS2113\_AY2122S2\website\schedule\index as some of its dependencies were changed since the last visit
2022-01-04T14:03:55.636Z - info: Site data built
2022-01-04T14:03:55.637Z - info: Lazy website regeneration complete! Total build time: 0.567s
2022-01-04T14:04:34.282Z - info: Building D:\Teaching\CS2113\_AY2122S2\website\schedule\week1\admin as some of its dependencies were changed since the last visit
2022-01-04T14:04:36.405Z - info: Site data built
2022-01-04T14:04:36.405Z - info: Lazy website regeneration complete! Total build time: 2.123s
2022-01-04T14:04:39.599Z - debug:  
2022-01-04T14:06:14.546Z - info: [10:06:14 pm] Reload for file change: D:\Teaching\CS2113\_AY2122S2\website\_module-CS2113\timetables.mbdf
2022-01-04T14:06:14.547Z - info: Synchronizing opened pages list before reload
2022-01-04T14:06:14.548Z - info: Current opened pages, from most-to-least recent:
2022-01-04T14:06:14.549Z - info: 1. schedule/week1/admin
2022-01-04T14:06:15.563Z - info: Rebuilding 1 pages
2022-01-04T14:06:17.789Z - info: Site data built
2022-01-04T14:06:17.789Z - info: Pages rebuilt
2022-01-04T14:06:17.790Z - info: Website regeneration complete! Total build time: 2.228s
2022-01-04T14:06:18.843Z - debug:  
2022-01-04T14:07:01.928Z - info: Building D:\Teaching\CS2113\_AY2122S2\website\schedule\week1\topics as some of its dependencies were changed since the last visit
2022-01-04T14:07:02.250Z - info: Site data built
2022-01-04T14:07:02.251Z - info: Lazy website regeneration complete! Total build time: 0.324s
2022-01-04T14:07:07.371Z - info: Building D:\Teaching\CS2113\_AY2122S2\website\schedule\week1\project as some of its dependencies were changed since the last visit
2022-01-04T14:07:07.582Z - info: Site data built
2022-01-04T14:07:07.583Z - info: Lazy website regeneration complete! Total build time: 0.213s
2022-01-04T14:07:12.195Z - info: Building D:\Teaching\CS2113\_AY2122S2\website\schedule\week1\tutorial as some of its dependencies were changed since the last visit
2022-01-04T14:07:12.369Z - info: Site data built
2022-01-04T14:07:12.369Z - info: Lazy website regeneration complete! Total build time: 0.175s
2022-01-04T14:07:19.186Z - info: Building D:\Teaching\CS2113\_AY2122S2\website\schedule\timeline as some of its dependencies were changed since the last visit
2022-01-04T14:07:23.822Z - info: Site data built
2022-01-04T14:07:23.823Z - info: Lazy website regeneration complete! Total build time: 4.637s
2022-01-04T14:08:16.726Z - info: Building D:\Teaching\CS2113\_AY2122S2\website\se-book-adapted\index as some of its dependencies were changed since the last visit
2022-01-04T14:08:17.077Z - info: Site data built
2022-01-04T14:08:17.077Z - info: Lazy website regeneration complete! Total build time: 0.353s
2022-01-04T14:08:24.935Z - info: Building D:\Teaching\CS2113\_AY2122S2\website\se-book-adapted\chapters\modeling as some of its dependencies were changed since the last visit
2022-01-04T14:08:30.134Z - debug:  
2022-01-04T14:08:30.134Z - debug:  
2022-01-04T14:08:30.181Z - info: Site data built
2022-01-04T14:08:30.182Z - info: Lazy website regeneration complete! Total build time: 5.248s
2022-01-04T14:08:30.414Z - debug:  
2022-01-04T14:08:30.417Z - debug:  
2022-01-04T14:08:48.988Z - info: Building D:\Teaching\CS2113\_AY2122S2\website\se-book-adapted\chapters\principles as some of its dependencies were changed since the last visit
2022-01-04T14:08:49.435Z - info: Site data built
2022-01-04T14:08:49.436Z - info: Lazy website regeneration complete! Total build time: 0.449s
2022-01-04T14:08:51.961Z - debug:  
2022-01-04T14:09:06.490Z - info: Building D:\Teaching\CS2113\_AY2122S2\website\se-book-adapted\chapters\oop as some of its dependencies were changed since the last visit
2022-01-04T14:09:08.343Z - info: Site data built
2022-01-04T14:09:08.344Z - info: Lazy website regeneration complete! Total build time: 1.855s
2022-01-04T14:09:09.824Z - debug:  
2022-01-04T14:09:41.866Z - info: Building D:\Teaching\CS2113\_AY2122S2\website\schedule\week8\topics as some of its dependencies were changed since the last visit
2022-01-04T14:09:45.474Z - info: Site data built
2022-01-04T14:09:45.478Z - info: Lazy website regeneration complete! Total build time: 3.609s
2022-01-04T14:09:47.534Z - debug:  
2022-01-04T14:09:47.594Z - debug:  
2022-01-04T14:10:12.598Z - info: Building D:\Teaching\CS2113\_AY2122S2\website\schedule\week9\index as some of its dependencies were changed since the last visit
2022-01-04T14:10:13.148Z - info: Site data built
2022-01-04T14:10:13.149Z - info: Lazy website regeneration complete! Total build time: 0.552s
2022-01-04T14:10:54.379Z - info: Building D:\Teaching\CS2113\_AY2122S2\website\schedule\week9\topics as some of its dependencies were changed since the last visit
2022-01-04T14:10:58.631Z - info: Site data built
2022-01-04T14:10:58.633Z - info: Lazy website regeneration complete! Total build time: 4.254s
2022-01-04T14:11:00.151Z - debug:  
2022-01-04T14:11:00.518Z - debug:  
2022-01-04T14:11:00.581Z - debug:  
2022-01-04T14:11:30.904Z - info: Building D:\Teaching\CS2113\_AY2122S2\website\schedule\week2\index as some of its dependencies were changed since the last visit
2022-01-04T14:11:31.656Z - info: Site data built
2022-01-04T14:11:31.656Z - info: Lazy website regeneration complete! Total build time: 0.753s
2022-01-04T14:11:43.263Z - info: Building D:\Teaching\CS2113\_AY2122S2\website\schedule\week2\admin as some of its dependencies were changed since the last visit
2022-01-04T14:11:44.006Z - info: Site data built
2022-01-04T14:11:44.006Z - info: Lazy website regeneration complete! Total build time: 0.744s
2022-01-04T14:13:03.172Z - info: Building D:\Teaching\CS2113\_AY2122S2\website\schedule\week2\topics as some of its dependencies were changed since the last visit
2022-01-04T14:13:05.571Z - info: Site data built
2022-01-04T14:13:05.572Z - info: Lazy website regeneration complete! Total build time: 2.401s
2022-01-04T14:13:16.905Z - info: Building D:\Teaching\CS2113\_AY2122S2\website\schedule\week2\tutorial as some of its dependencies were changed since the last visit
2022-01-04T14:13:17.124Z - info: Site data built
2022-01-04T14:13:17.125Z - info: Lazy website regeneration complete! Total build time: 0.221s
2022-01-04T14:13:23.600Z - info: Building D:\Teaching\CS2113\_AY2122S2\website\schedule\week2\project as some of its dependencies were changed since the last visit
2022-01-04T14:13:24.257Z - info: Site data built
2022-01-04T14:13:24.257Z - info: Lazy website regeneration complete! Total build time: 0.658s
2022-01-04T14:42:01.591Z - info: Building D:\Teaching\CS2113\_AY2122S2\website\admin\index as some of its dependencies were changed since the last visit
2022-01-04T14:42:02.033Z - info: Site data built
2022-01-04T14:42:02.033Z - info: Lazy website regeneration complete! Total build time: 0.444s
2022-01-04T14:42:06.654Z - info: Building D:\Teaching\CS2113\_AY2122S2\website\admin\gradeBreakdown as some of its dependencies were changed since the last visit
2022-01-04T14:42:07.622Z - info: Site data built
2022-01-04T14:42:07.622Z - info: Lazy website regeneration complete! Total build time: 0.968s
2022-01-04T14:42:09.232Z - debug:  
2022-01-04T14:47:15.360Z - info: [10:47:15 pm] Reload for file change: D:\Teaching\CS2113\_AY2122S2\website\_markbind\variables.md
2022-01-04T14:47:15.361Z - info: Synchronizing opened pages list before reload
2022-01-04T14:47:15.361Z - info: Current opened pages, from most-to-least recent:
2022-01-04T14:47:15.362Z - info: 1. schedule/week2/topics
2022-01-04T14:47:16.441Z - warn: Rebuilding all pages as variables file was changed, or the --force-reload flag was set
2022-01-04T14:47:16.447Z - info: Rebuilding 1 pages
2022-01-04T14:47:18.988Z - info: Site data built
2022-01-04T14:47:18.989Z - info: Pages rebuilt
2022-01-04T14:47:18.989Z - info: Website regeneration complete! Total build time: 2.626s
2022-01-04T14:47:23.005Z - info: Building D:\Teaching\CS2113\_AY2122S2\website\index as some of its dependencies were changed since the last visit
2022-01-04T14:47:23.251Z - info: Site data built
2022-01-04T14:47:23.251Z - info: Lazy website regeneration complete! Total build time: 0.248s
2022-01-04T14:47:29.919Z - info: [10:47:29 pm] Reload for file change: D:\Teaching\CS2113\_AY2122S2\website\_markbind\variables.md
2022-01-04T14:47:29.919Z - info: Synchronizing opened pages list before reload
2022-01-04T14:47:29.920Z - info: Current opened pages, from most-to-least recent:
2022-01-04T14:47:29.920Z - info: 1. index
2022-01-04T14:47:31.008Z - warn: Rebuilding all pages as variables file was changed, or the --force-reload flag was set
2022-01-04T14:47:31.015Z - info: Rebuilding 1 pages
2022-01-04T14:47:31.444Z - info: Site data built
2022-01-04T14:47:31.445Z - info: Pages rebuilt
2022-01-04T14:47:31.445Z - info: Website regeneration complete! Total build time: 0.522s
2022-01-04T14:48:42.053Z - info: Website generation (lazy) started at 10:48:39 pm
2022-01-04T14:48:45.717Z - info: Building assets...
2022-01-04T14:48:48.864Z - info: Assets built
2022-01-04T14:48:48.864Z - info: Generating landing page...
2022-01-04T14:48:49.465Z - info: Landing page built, other pages will be built as you navigate to them!
2022-01-04T14:48:50.246Z - info: Site data built
2022-01-04T14:48:50.246Z - info: Website generation (lazy) complete! Total build time: 10.304s
2022-01-04T14:48:51.171Z - info: Serving "D:\Teaching\CS2113\_AY2122S2\website\_site" at http://127.0.0.1:8080
2022-01-04T14:48:51.172Z - info: Press CTRL+C to stop ...
2022-01-04T14:49:28.473Z - info: Website generation started at 10:49:26 pm
2022-01-04T14:49:32.178Z - info: Building assets...
2022-01-04T14:49:35.712Z - info: Assets built
2022-01-04T14:49:35.713Z - info: Generating pages...
2022-01-04T14:49:51.107Z - debug:  
2022-01-04T14:49:51.108Z - debug:  
2022-01-04T14:49:51.108Z - debug:  
2022-01-04T14:49:51.108Z - debug:  
2022-01-04T14:49:51.109Z - debug:  
2022-01-04T14:49:51.636Z - debug:  
2022-01-04T14:52:35.640Z - debug:  
2022-01-04T14:52:48.728Z - debug:  
2022-01-04T14:52:48.733Z - debug:  
2022-01-04T14:52:54.761Z - info: Pages built
2022-01-04T14:52:56.274Z - info: Site data built
2022-01-04T14:52:56.275Z - info: Website generation complete! Total build time: 210.184s
2022-01-04T14:52:56.275Z - info: Build success!
2022-01-04T14:53:19.184Z - info: Deployed at https://nus-cs2113-ay2122s2.github.io/website!
2022-01-04T15:05:40.695Z - info: Website generation started at 11:05:33 pm
2022-01-04T15:05:44.537Z - info: Building assets...
