2022-02-01T14:58:23.112Z - info: Website generation (lazy) started at 10:58:07 pm
2022-02-01T14:58:30.998Z - info: Building assets...
2022-02-01T14:58:36.320Z - info: Assets built
2022-02-01T14:58:36.322Z - info: Generating landing page...
2022-02-01T14:58:38.838Z - info: Landing page built, other pages will be built as you navigate to them!
2022-02-01T14:58:40.619Z - info: Site data built
2022-02-01T14:58:40.620Z - info: Website generation (lazy) complete! Total build time: 33.251s
2022-02-01T14:58:41.842Z - info: Serving "D:\Teaching\CS2113\_AY2122S2\website\_site" at http://127.0.0.1:8080
2022-02-01T14:58:41.843Z - info: Press CTRL+C to stop ...
2022-02-01T14:58:54.423Z - info: Building D:\Teaching\CS2113\_AY2122S2\website\schedule\week4\tutorial as some of its dependencies were changed since the last visit
2022-02-01T14:58:55.218Z - info: Site data built
2022-02-01T14:58:55.218Z - info: Lazy website regeneration complete! Total build time: 0.795s
2022-02-01T15:00:44.126Z - info: Website generation started at 11:00:40 pm
2022-02-01T15:00:49.357Z - info: Building assets...
2022-02-01T15:00:54.576Z - info: Assets built
2022-02-01T15:00:54.578Z - info: Generating pages...
2022-02-01T15:01:14.712Z - debug:  
2022-02-01T15:01:14.713Z - debug:  
2022-02-01T15:01:14.714Z - debug:  
2022-02-01T15:01:14.714Z - debug:  
2022-02-01T15:01:14.715Z - debug:  
2022-02-01T15:01:14.918Z - debug:  
2022-02-01T15:04:17.573Z - debug:  
2022-02-01T15:04:35.320Z - debug:  
2022-02-01T15:04:35.624Z - debug:  
2022-02-01T15:04:44.678Z - info: Pages built
2022-02-01T15:04:46.942Z - info: Site data built
2022-02-01T15:04:46.943Z - info: Website generation complete! Total build time: 246.565s
2022-02-01T15:04:46.943Z - info: Build success!
2022-02-01T15:08:32.906Z - info: The website has been deployed at: https://nus-cs2113-ay2122s2.github.io/website
