2022-01-14T02:10:52.033Z - info: Website generation (lazy) started at 10:10:43 am
2022-01-14T02:10:58.024Z - info: Building assets...
2022-01-14T02:11:04.569Z - info: Assets built
2022-01-14T02:11:04.570Z - info: Generating landing page...
2022-01-14T02:11:05.975Z - info: Landing page built, other pages will be built as you navigate to them!
2022-01-14T02:11:07.687Z - info: Site data built
2022-01-14T02:11:07.688Z - info: Website generation (lazy) complete! Total build time: 24.164s
2022-01-14T02:11:09.068Z - info: Serving "D:\Teaching\CS2113\_AY2122S2\website\_site" at http://127.0.0.1:8080
2022-01-14T02:11:09.068Z - info: Press CTRL+C to stop ...
2022-01-14T02:14:34.585Z - info: Building D:\Teaching\CS2113\_AY2122S2\website\se-book-adapted\index as some of its dependencies were changed since the last visit
2022-01-14T02:14:35.063Z - info: Site data built
2022-01-14T02:14:35.064Z - info: Lazy website regeneration complete! Total build time: 0.482s
2022-01-14T02:14:38.621Z - info: Building D:\Teaching\CS2113\_AY2122S2\website\admin\index as some of its dependencies were changed since the last visit
2022-01-14T02:14:39.223Z - info: Site data built
2022-01-14T02:14:39.224Z - info: Lazy website regeneration complete! Total build time: 0.606s
2022-01-14T02:14:45.419Z - info: Building D:\Teaching\CS2113\_AY2122S2\website\admin\gradeBreakdown as some of its dependencies were changed since the last visit
2022-01-14T02:14:45.432Z - error:  Template render error: (D:\Teaching\CS2113\_AY2122S2\website\admin\gradeBreakdown.md) [Line 27, Column 86]
  unknown block tag: endif
    at Object._prettifyError (C:\Users\dcsaksh\AppData\Roaming\npm\node_modules\markbind-cli\node_modules\nunjucks\src\lib.js:36:11)
    at Template.render (C:\Users\dcsaksh\AppData\Roaming\npm\node_modules\markbind-cli\node_modules\@markbind\core\src\patches\nunjucks\context-overrides-frame.js:358:19)
    at C:\Users\dcsaksh\AppData\Roaming\npm\node_modules\markbind-cli\node_modules\@markbind\core\src\patches\nunjucks\context-overrides-frame.js:54:25
    at createTemplate (C:\Users\dcsaksh\AppData\Roaming\npm\node_modules\markbind-cli\node_modules\@markbind\core\src\patches\nunjucks\load-event.js:121:7)
    at handle (C:\Users\dcsaksh\AppData\Roaming\npm\node_modules\markbind-cli\node_modules\@markbind\core\src\patches\nunjucks\load-event.js:133:9)
    at C:\Users\dcsaksh\AppData\Roaming\npm\node_modules\markbind-cli\node_modules\@markbind\core\src\patches\nunjucks\load-event.js:145:7
    at next (C:\Users\dcsaksh\AppData\Roaming\npm\node_modules\markbind-cli\node_modules\nunjucks\src\lib.js:326:7)
    at Object.asyncIter (C:\Users\dcsaksh\AppData\Roaming\npm\node_modules\markbind-cli\node_modules\nunjucks\src\lib.js:332:3)
    at Environment.getTemplate (C:\Users\dcsaksh\AppData\Roaming\npm\node_modules\markbind-cli\node_modules\@markbind\core\src\patches\nunjucks\load-event.js:127:7)
    at Environment.render (C:\Users\dcsaksh\AppData\Roaming\npm\node_modules\markbind-cli\node_modules\@markbind\core\src\patches\nunjucks\context-overrides-frame.js:48:8)
    at VariableRenderer.renderFile (C:\Users\dcsaksh\AppData\Roaming\npm\node_modules\markbind-cli\node_modules\@markbind\core\src\variables\VariableRenderer.js:59:20)
    at VariableProcessor.renderWithSiteVariables (C:\Users\dcsaksh\AppData\Roaming\npm\node_modules\markbind-cli\node_modules\@markbind\core\src\variables\VariableProcessor.js:157:53)
    at Page.generate (C:\Users\dcsaksh\AppData\Roaming\npm\node_modules\markbind-cli\node_modules\@markbind\core\src\Page\index.js:469:37)
    at C:\Users\dcsaksh\AppData\Roaming\npm\node_modules\markbind-cli\node_modules\@markbind\core\src\Site\index.js:1172:22
    at C:\Users\dcsaksh\AppData\Roaming\npm\node_modules\markbind-cli\node_modules\@markbind\core\src\Site\index.js:1190:34
    at Array.forEach (<anonymous>)
2022-01-14T02:14:45.434Z - warn:  Error: Error while generating undefined
    at C:\Users\dcsaksh\AppData\Roaming\npm\node_modules\markbind-cli\node_modules\@markbind\core\src\Site\index.js:1180:18
    at processTicksAndRejections (internal/process/task_queues.js:93:5)
2022-01-14T02:15:30.957Z - info: [10:15:30 am] Reload for file change: D:\Teaching\CS2113\_AY2122S2\website\admin\gradeBreakdown.md
2022-01-14T02:15:30.958Z - info: Synchronizing opened pages list before reload
2022-01-14T02:15:30.958Z - info: Current opened pages, from most-to-least recent:
2022-01-14T02:15:30.959Z - info: 1. admin/gradeBreakdown
2022-01-14T02:15:31.978Z - info: Rebuilding 1 pages
2022-01-14T02:15:33.051Z - info: Site data built
2022-01-14T02:15:33.051Z - info: Pages rebuilt
2022-01-14T02:15:33.052Z - info: Website regeneration complete! Total build time: 1.075s
2022-01-14T02:15:35.616Z - debug:  
2022-01-14T02:15:53.636Z - info: [10:15:53 am] Reload for file change: D:\Teaching\CS2113\_AY2122S2\website\admin\gradeBreakdown.md
2022-01-14T02:15:53.636Z - info: Synchronizing opened pages list before reload
2022-01-14T02:15:53.637Z - info: Current opened pages, from most-to-least recent:
2022-01-14T02:15:53.637Z - info: 1. admin/gradeBreakdown
2022-01-14T02:15:54.656Z - info: Rebuilding 1 pages
2022-01-14T02:15:55.582Z - info: Site data built
2022-01-14T02:15:55.584Z - info: Pages rebuilt
2022-01-14T02:15:55.584Z - info: Website regeneration complete! Total build time: 0.929s
2022-01-14T02:15:57.672Z - debug:  
2022-01-14T02:16:25.135Z - info: Website generation (lazy) started at 10:16:25 am
2022-01-14T02:16:29.655Z - info: Building assets...
2022-01-14T02:16:34.658Z - info: Assets built
2022-01-14T02:16:34.659Z - info: Generating landing page...
2022-01-14T02:16:35.702Z - info: Landing page built, other pages will be built as you navigate to them!
2022-01-14T02:16:36.818Z - info: Site data built
2022-01-14T02:16:36.819Z - info: Website generation (lazy) complete! Total build time: 11.72s
2022-01-14T02:16:37.732Z - info: Serving "D:\Teaching\CS2113\_AY2122S2\website\_site" at http://127.0.0.1:8080
2022-01-14T02:16:37.733Z - info: Press CTRL+C to stop ...
2022-01-14T02:16:52.328Z - info: Building D:\Teaching\CS2113\_AY2122S2\website\admin\index as some of its dependencies were changed since the last visit
2022-01-14T02:16:53.379Z - info: Site data built
2022-01-14T02:16:53.380Z - info: Lazy website regeneration complete! Total build time: 1.053s
2022-01-14T02:16:58.626Z - info: Building D:\Teaching\CS2113\_AY2122S2\website\admin\gradeBreakdown as some of its dependencies were changed since the last visit
2022-01-14T02:17:00.178Z - info: Site data built
2022-01-14T02:17:00.178Z - info: Lazy website regeneration complete! Total build time: 1.553s
2022-01-14T02:17:02.074Z - debug:  
2022-01-14T02:17:51.430Z - info: Website generation started at 10:17:46 am
2022-01-14T02:17:59.964Z - info: Building assets...
2022-01-14T02:18:06.475Z - info: Assets built
2022-01-14T02:18:06.477Z - info: Generating pages...
2022-01-14T02:18:23.835Z - debug:  
2022-01-14T02:18:23.836Z - debug:  
2022-01-14T02:18:23.837Z - debug:  
2022-01-14T02:18:23.837Z - debug:  
2022-01-14T02:18:23.837Z - debug:  
2022-01-14T02:18:24.739Z - debug:  
2022-01-14T02:21:26.664Z - debug:  
2022-01-14T02:21:45.190Z - debug:  
2022-01-14T02:21:45.334Z - debug:  
2022-01-14T02:21:52.788Z - info: Pages built
2022-01-14T02:21:55.074Z - info: Site data built
2022-01-14T02:21:55.075Z - info: Website generation complete! Total build time: 249.03s
2022-01-14T02:21:55.076Z - info: Build success!
2022-01-14T02:29:39.219Z - info: The website has been deployed at: https://nus-cs2113-ay2122s2.github.io/website
2022-01-14T04:12:13.459Z - info: Website generation started at 12:12:04 pm
2022-01-14T04:12:20.342Z - info: Building assets...
